(carnd-term1) carnd@ip-172-31-45-44:~/behavior_cloning/CarND-Behavioral-Cloning-P3$ python model_gen.py -m model.h5 -d "./my_data;./revs_1" -e 2 -p 0.3 -b 128
I tensorflow/stream_executor/dso_loader.cc:128] successfully opened CUDA library libcublas.so locally
I tensorflow/stream_executor/dso_loader.cc:128] successfully opened CUDA library libcudnn.so locally
I tensorflow/stream_executor/dso_loader.cc:128] successfully opened CUDA library libcufft.so locally
I tensorflow/stream_executor/dso_loader.cc:128] successfully opened CUDA library libcuda.so.1 locally
I tensorflow/stream_executor/dso_loader.cc:128] successfully opened CUDA library libcurand.so locally
Using TensorFlow backend.
Namespace(batch_size=128, dir='./my_data;./revs_1', epoch=2, md5='model.h5', percentage=0.3)
before add the side camera. found following entried in csv. 

./my_data/driving_log.csv
./revs_1/driving_log.csv
total entries in ['./my_data', './revs_1'] is 2156 
after preprocess, following is picking up image with defined percetage of zero measurement 

total entries of non-zero measurements is 1376 
total entries of zero measurements is 780, 234 will be randomly selected
total entries after select 0.3 zero measurements is 1610 
load previously trained model
I tensorflow/stream_executor/cuda/cuda_gpu_executor.cc:937] successful NUMA node read from SysFS had negative value (-1), but there must be at least one NUMA node, so returning NUMA node zero
I tensorflow/core/common_runtime/gpu/gpu_device.cc:885] Found device 0 with properties: 
name: GRID K520
major: 3 minor: 0 memoryClockRate (GHz) 0.797
pciBusID 0000:00:03.0
Total memory: 3.94GiB
Free memory: 3.91GiB
I tensorflow/core/common_runtime/gpu/gpu_device.cc:906] DMA: 0 
I tensorflow/core/common_runtime/gpu/gpu_device.cc:916] 0:   Y 
I tensorflow/core/common_runtime/gpu/gpu_device.cc:975] Creating TensorFlow device (/gpu:0) -> (device: 0, name: GRID K520, pci bus id: 0000:00:03.0)
batch_gen size 41
Epoch 1/2
41/41 [==============================] - 197s - loss: 6.0431e-04 - val_loss: 4.1238e-04
Epoch 2/2
41/41 [==============================] - 190s - loss: 5.0828e-04 - val_loss: 4.2517e-04
